<?xml version="1.0" encoding="UTF-8"?>
<testsuite name="org.hyperledger.fabric.samples.fabcar.FabCarTest" tests="3" skipped="0" failures="0" errors="0" timestamp="2020-11-25T03:20:33" hostname="iamyonghwan-MacBook-Pro.local" time="1.246">
  <properties/>
  <testcase name="invokeQueryAllCarsTransaction()" classname="org.hyperledger.fabric.samples.fabcar.FabCarTest" time="1.203"/>
  <testcase name="invokeInitLedgerTransaction()" classname="org.hyperledger.fabric.samples.fabcar.FabCarTest" time="0.028"/>
  <testcase name="invokeUnknownTransaction()" classname="org.hyperledger.fabric.samples.fabcar.FabCarTest" time="0.013"/>
  <system-out><![CDATA[]]></system-out>
  <system-err><![CDATA[]]></system-err>
</testsuite>
