<?xml version="1.0" encoding="UTF-8"?>
<testsuite name="org.hyperledger.fabric.samples.fabcar.FabCarTest$ChangeCarOwnerTransaction" tests="2" skipped="0" failures="0" errors="0" timestamp="2020-11-25T03:20:34" hostname="iamyonghwan-MacBook-Pro.local" time="0.021">
  <properties/>
  <testcase name="whenCarExists()" classname="org.hyperledger.fabric.samples.fabcar.FabCarTest$ChangeCarOwnerTransaction" time="0.006"/>
  <testcase name="whenCarDoesNotExist()" classname="org.hyperledger.fabric.samples.fabcar.FabCarTest$ChangeCarOwnerTransaction" time="0.014"/>
  <system-out><![CDATA[Car CAR0 does not exist
]]></system-out>
  <system-err><![CDATA[]]></system-err>
</testsuite>
