<?xml version="1.0" encoding="UTF-8"?>
<testsuite name="org.hyperledger.fabric.samples.fabcar.CarQueryResultTest$Equality" tests="8" skipped="0" failures="0" errors="0" timestamp="2020-11-25T03:20:34" hostname="iamyonghwan-MacBook-Pro.local" time="0.018">
  <properties/>
  <testcase name="handlesOtherObjects()" classname="org.hyperledger.fabric.samples.fabcar.CarQueryResultTest$Equality" time="0.0"/>
  <testcase name="handlesKeyInequality()" classname="org.hyperledger.fabric.samples.fabcar.CarQueryResultTest$Equality" time="0.002"/>
  <testcase name="isReflexive()" classname="org.hyperledger.fabric.samples.fabcar.CarQueryResultTest$Equality" time="0.0"/>
  <testcase name="isTransitive()" classname="org.hyperledger.fabric.samples.fabcar.CarQueryResultTest$Equality" time="0.001"/>
  <testcase name="handlesRecordInequality()" classname="org.hyperledger.fabric.samples.fabcar.CarQueryResultTest$Equality" time="0.001"/>
  <testcase name="isSymmetric()" classname="org.hyperledger.fabric.samples.fabcar.CarQueryResultTest$Equality" time="0.002"/>
  <testcase name="handlesNull()" classname="org.hyperledger.fabric.samples.fabcar.CarQueryResultTest$Equality" time="0.001"/>
  <testcase name="handlesKeyRecordInequality()" classname="org.hyperledger.fabric.samples.fabcar.CarQueryResultTest$Equality" time="0.001"/>
  <system-out><![CDATA[]]></system-out>
  <system-err><![CDATA[]]></system-err>
</testsuite>
