<?xml version="1.0" encoding="UTF-8"?>
<testsuite name="org.hyperledger.fabric.samples.fabcar.CarTest$Equality" tests="6" skipped="0" failures="0" errors="0" timestamp="2020-11-25T03:20:33" hostname="iamyonghwan-MacBook-Pro.local" time="0.016">
  <properties/>
  <testcase name="handlesOtherObjects()" classname="org.hyperledger.fabric.samples.fabcar.CarTest$Equality" time="0.004"/>
  <testcase name="isReflexive()" classname="org.hyperledger.fabric.samples.fabcar.CarTest$Equality" time="0.001"/>
  <testcase name="isTransitive()" classname="org.hyperledger.fabric.samples.fabcar.CarTest$Equality" time="0.001"/>
  <testcase name="handlesInequality()" classname="org.hyperledger.fabric.samples.fabcar.CarTest$Equality" time="0.001"/>
  <testcase name="isSymmetric()" classname="org.hyperledger.fabric.samples.fabcar.CarTest$Equality" time="0.001"/>
  <testcase name="handlesNull()" classname="org.hyperledger.fabric.samples.fabcar.CarTest$Equality" time="0.001"/>
  <system-out><![CDATA[]]></system-out>
  <system-err><![CDATA[]]></system-err>
</testsuite>
