<?xml version="1.0" encoding="UTF-8"?>
<testsuite name="org.hyperledger.fabric.samples.fabcar.CarTest" tests="1" skipped="0" failures="0" errors="0" timestamp="2020-11-25T03:20:33" hostname="iamyonghwan-MacBook-Pro.local" time="0.236">
  <properties/>
  <testcase name="toStringIdentifiesCar()" classname="org.hyperledger.fabric.samples.fabcar.CarTest" time="0.236"/>
  <system-out><![CDATA[]]></system-out>
  <system-err><![CDATA[]]></system-err>
</testsuite>
